Content-Type: text/plain; charset="utf-8"
MIME-Version: 1.0
Content-Transfer-Encoding: 8bit
Subject: =?utf-8?b?UmVkZWZpbmnDp8OjbyBkZSBzZW5oYSBlbSAxMjcuMC4wLjE6ODAwMCA=?=
From: webmaster@localhost
To: josemoreirachacon06@gmail.com
Date: Thu, 22 Jun 2023 18:02:21 -0000
Message-ID: <168745694178.64492.6854059950217891730@LAPTOP-VSPLC8HJ>

<!DOCTYPE html>
<html lang="en">
<head>
    <meta charset="UTF-8">
    <meta http-equiv="X-UA-Compatible" content="IE=edge">
    <meta name="viewport" content="width=device-width, initial-scale=1.0">
    <title>Document</title>
</head>
<body>
    Alguém pediu a redefinição de senha para e-mail josemoreirachacon06@gmail.com. Siga o link abaixo para realizar a operação:
http://127.0.0.1:8000/reset/Mg/bq7b3x-63ae7842933b62a9f3b8cf103a9d0222/
Seu nome de usuário, caso você tenha esquecido: 22222222222





Atenciosamente,

EMAC - Grupo de Pesquisa Educação Matemática e Cultura.

</body>
</html>
-------------------------------------------------------------------------------
