Content-Type: text/plain; charset="utf-8"
MIME-Version: 1.0
Content-Transfer-Encoding: 8bit
Subject: =?utf-8?b?UmVkZWZpbmnDp8OjbyBkZSBzZW5oYSBlbSAxMjcuMC4wLjE6ODAwMCA=?=
From: webmaster@localhost
To: josemoreirachacon06@gmail.com
Date: Sat, 15 Jul 2023 03:25:14 -0000
Message-ID: <168939151437.57012.12834833062636042921@LAPTOP-VSPLC8HJ>

<!DOCTYPE html>
<html lang="en">
<head>
    <meta charset="UTF-8">
    <meta http-equiv="X-UA-Compatible" content="IE=edge">
    <meta name="viewport" content="width=device-width, initial-scale=1.0">
    <title>Document</title>
</head>
<body>
    Alguém pediu a redefinição de senha para e-mail josemoreirachacon06@gmail.com. Siga o link abaixo para realizar a operação:
http://127.0.0.1:8000/reset/Mg/brcru2-6947c821850eb85e7b1c0033616e8955/
Seu nome de usuário, caso você tenha esquecido: 22222222222





Atenciosamente,

EMAC - Grupo de Pesquisa Educação Matemática e Cultura.

</body>
</html>
-------------------------------------------------------------------------------
