Content-Type: text/plain; charset="utf-8"
MIME-Version: 1.0
Content-Transfer-Encoding: 8bit
Subject: =?utf-8?b?UmVkZWZpbmnDp8OjbyBkZSBzZW5oYSBlbSAxMjcuMC4wLjE6ODAwMCA=?=
From: webmaster@localhost
To: tatiana11@gmail.com
Date: Tue, 30 May 2023 00:27:24 -0000
Message-ID: <168540644436.75972.8991349819419374432@LAPTOP-VSPLC8HJ>

<!DOCTYPE html>
<html lang="en">
<head>
    <meta charset="UTF-8">
    <meta http-equiv="X-UA-Compatible" content="IE=edge">
    <meta name="viewport" content="width=device-width, initial-scale=1.0">
    <title>Document</title>
</head>
<body>
    Alguém pediu a redefinição de senha para e-mail tatiana11@gmail.com. Siga o link abaixo para realizar a operação:
http://127.0.0.1:8000/reset/Mw/bozcxo-b209943b63120ad3d7aaf5c4a9424f8e/
Seu nome de usuário, caso você tenha esquecido: 11211311415





Atenciosamente,

EMAC - Grupo de Pesquisa Educação Matemática e Cultura.

</body>
</html>
-------------------------------------------------------------------------------
