Content-Type: text/plain; charset="utf-8"
MIME-Version: 1.0
Content-Transfer-Encoding: 8bit
Subject: =?utf-8?b?UmVkZWZpbmnDp8OjbyBkZSBzZW5oYSBlbSAxMjcuMC4wLjE6ODAwMCA=?=
From: webmaster@localhost
To: josemoreirachacon06@gmail.com
Date: Sat, 15 Jul 2023 03:25:15 -0000
Message-ID: <168939151538.57012.1055867630913440433@LAPTOP-VSPLC8HJ>

<!DOCTYPE html>
<html lang="en">
<head>
    <meta charset="UTF-8">
    <meta http-equiv="X-UA-Compatible" content="IE=edge">
    <meta name="viewport" content="width=device-width, initial-scale=1.0">
    <title>Document</title>
</head>
<body>
    Alguém pediu a redefinição de senha para e-mail josemoreirachacon06@gmail.com. Siga o link abaixo para realizar a operação:
http://127.0.0.1:8000/reset/Nw/brcru3-47a9a711f7e6ea1f44033f9693344f7c/
Seu nome de usuário, caso você tenha esquecido: 12548758





Atenciosamente,

EMAC - Grupo de Pesquisa Educação Matemática e Cultura.

</body>
</html>
-------------------------------------------------------------------------------
